<?xml version="1.0" encoding="UTF-8"?>
<testsuite name="ShapeImplTest" tests="4" skipped="0" failures="0" errors="0" timestamp="2022-10-21T23:08:05" hostname="dmitrii-nitroan51555" time="0.009">
  <properties/>
  <testcase name="testNonPositive()" classname="ShapeImplTest" time="0.003"/>
  <testcase name="testEmpty()" classname="ShapeImplTest" time="0.001"/>
  <testcase name="testNDim()" classname="ShapeImplTest" time="0.004"/>
  <testcase name="testSize()" classname="ShapeImplTest" time="0.001"/>
  <system-out><![CDATA[]]></system-out>
  <system-err><![CDATA[]]></system-err>
</testsuite>
